<?xml version="1.0" encoding="UTF-8"?>
<testng-results ignored="0" total="1" passed="1" failed="0" skipped="0">
  <reporter-output>
  </reporter-output>
  <suite started-at="2021-06-03T23:15:48 EDT" name="Default suite" finished-at="2021-06-03T23:15:53 EDT" duration-ms="4528">
    <groups>
      <group name="cucumber">
        <method signature="AbstractTestNGCucumberTests.runScenario(cucumber.api.testng.PickleEventWrapper, cucumber.api.testng.CucumberFeatureWrapper)[pri:0, instance:steps.TestRunner@1356d4d4]" name="runScenario" class="cucumber.api.testng.AbstractTestNGCucumberTests"/>
      </group> <!-- cucumber -->
    </groups>
    <test started-at="2021-06-03T23:15:48 EDT" name="Default test" finished-at="2021-06-03T23:15:53 EDT" duration-ms="4528">
      <class name="steps.TestRunner">
        <test-method is-config="true" signature="setUpClass()[pri:0, instance:steps.TestRunner@1356d4d4]" started-at="2021-06-03T23:15:48 EDT" name="setUpClass" finished-at="2021-06-03T23:15:48 EDT" duration-ms="93" status="PASS">
          <reporter-output>
          </reporter-output>
        </test-method> <!-- setUpClass -->
        <test-method signature="runScenario(cucumber.api.testng.PickleEventWrapper, cucumber.api.testng.CucumberFeatureWrapper)[pri:0, instance:steps.TestRunner@1356d4d4]" started-at="2021-06-03T23:15:48 EDT" name="runScenario" description="Runs Cucumber Scenarios" data-provider="scenarios" finished-at="2021-06-03T23:15:53 EDT" duration-ms="4352" status="PASS">
          <params>
            <param index="0">
              <value>
                <![CDATA["TC001_Login and Logout"]]>
              </value>
            </param>
            <param index="1">
              <value>
                <![CDATA["Automate LeafTaps Application"]]>
              </value>
            </param>
          </params>
          <reporter-output>
          </reporter-output>
        </test-method> <!-- runScenario -->
        <test-method is-config="true" signature="tearDownClass()[pri:0, instance:steps.TestRunner@1356d4d4]" started-at="2021-06-03T23:15:53 EDT" name="tearDownClass" finished-at="2021-06-03T23:15:53 EDT" duration-ms="17" status="PASS">
          <reporter-output>
          </reporter-output>
        </test-method> <!-- tearDownClass -->
      </class> <!-- steps.TestRunner -->
    </test> <!-- Default test -->
  </suite> <!-- Default suite -->
</testng-results>
